[+] Containers:
 |- [+] Container: /Game/ThirdPerson/Maps/ThirdPersonMap
 |   |- [+] ActorDescs:
 |   |   |- Guid:0794FD4C4FF87740606A97BDCB898F33 BaseClass: NativeClass:/Script/Engine.StaticMeshActor Name:StaticMeshActor_UAID_08BFB8E2B94C723402_1741183482 Label:Decorative_Picture_Frame_ukkpdhqbw_Low5 SpatiallyLoaded:1 Bounds:IsValid=true, Min=(X=975.723 Y=1741.978 Z=223.736), Max=(X=980.001 Y=1838.226 Z=336.360) RuntimeGrid:None EditorOnly:0 RuntimeOnly:0 HLODRelevant:1 ListedInSceneOutliner:1 IsMainWorldOnly:0
 |   |   |- Guid:1C4DA5A84B12BABA146010BFF4EAF40B BaseClass: NativeClass:/Script/Engine.StaticMeshActor Name:StaticMeshActor_UAID_08BFB8E2B94C723402_1562791479 Label:Plane3 SpatiallyLoaded:1 Bounds:IsValid=true, Min=(X=980.000 Y=1430.000 Z=230.000), Max=(X=980.000 Y=1530.000 Z=330.000) RuntimeGrid:None EditorOnly:0 RuntimeOnly:0 HLODRelevant:1 ListedInSceneOutliner:1 IsMainWorldOnly:0
 |   |   |- Guid:27B5F3A941CEF30A93BCACB15762C5D3 BaseClass: NativeClass:/Script/Engine.StaticMeshActor Name:StaticMeshActor_UAID_08BFB8E2B94C733402_1142890660 Label:Decorative_Picture_Frame_ukkpdhqbw_Low6 SpatiallyLoaded:1 Bounds:IsValid=true, Min=(X=975.723 Y=1901.978 Z=223.736), Max=(X=980.001 Y=1998.226 Z=336.360) RuntimeGrid:None EditorOnly:0 RuntimeOnly:0 HLODRelevant:1 ListedInSceneOutliner:1 IsMainWorldOnly:0
 |   |   |- Guid:2FB58999456391D349DC0F86DAC136ED BaseClass: NativeClass:/Script/Engine.SkyLight Name:SkyLight_1 Label:SkyLight SpatiallyLoaded:0 Bounds:IsValid=true, Min=(X=0.000 Y=0.000 Z=690.000), Max=(X=0.000 Y=0.000 Z=690.000) RuntimeGrid:None EditorOnly:0 RuntimeOnly:0 HLODRelevant:0 ListedInSceneOutliner:1 IsMainWorldOnly:0 FolderPath:Lighting FolderGuid:963EC3EB4002CCE9759E2EBA541A873A
 |   |   |- Guid:316CF2A6494ACA4C0E4180A87D36AB8F BaseClass: NativeClass:/Script/Engine.ExponentialHeightFog Name:ExponentialHeightFog_0 Label:ExponentialHeightFog SpatiallyLoaded:0 Bounds:IsValid=true, Min=(X=-5600.000 Y=-50.000 Z=-6850.000), Max=(X=-5600.000 Y=-50.000 Z=-6850.000) RuntimeGrid:None EditorOnly:0 RuntimeOnly:0 HLODRelevant:0 ListedInSceneOutliner:1 IsMainWorldOnly:0 FolderPath:Lighting FolderGuid:963EC3EB4002CCE9759E2EBA541A873A
 |   |   |- Guid:3A00AA1C422CE54C0BDB60BAF471BFBB BaseClass: NativeClass:/Script/Engine.PlayerStart Name:PlayerStart_0 Label:PlayerStart SpatiallyLoaded:0 Bounds:IsValid=true, Min=(X=330.000 Y=320.000 Z=0.013), Max=(X=410.000 Y=400.000 Z=184.013) RuntimeGrid:None EditorOnly:0 RuntimeOnly:0 HLODRelevant:0 ListedInSceneOutliner:1 IsMainWorldOnly:0
 |   |   |- Guid:3F45501042DC5892444AD4BBB6AAE012 BaseClass: NativeClass:/Script/Engine.StaticMeshActor Name:StaticMeshActor_UAID_08BFB8E2B94C723402_1752530483 Label:Plane5 SpatiallyLoaded:1 Bounds:IsValid=true, Min=(X=980.000 Y=1752.500 Z=230.000), Max=(X=980.000 Y=1827.500 Z=330.000) RuntimeGrid:None EditorOnly:0 RuntimeOnly:0 HLODRelevant:1 ListedInSceneOutliner:1 IsMainWorldOnly:0
 |   |   |- Guid:42BEACCE41A183663B57D0BFDBF112CF BaseClass:/Game/TEXT/WeakHero2.WeakHero2_C NativeClass:/Script/Engine.Actor Name:WeakHero2_C_UAID_08BFB8E2B94C773402_1371543384 Label:WeakHero2 SpatiallyLoaded:1 Bounds:IsValid=true, Min=(X=980.000 Y=1900.000 Z=160.000), Max=(X=980.000 Y=2016.000 Z=212.000) RuntimeGrid:None EditorOnly:0 RuntimeOnly:0 HLODRelevant:0 ListedInSceneOutliner:1 IsMainWorldOnly:0
 |   |   |- Guid:437D6D074EA4ACDBCB58AC8235FD11C6 BaseClass:/Game/TEXT/TLOU2.TLOU2_C NativeClass:/Script/Engine.Actor Name:TLOU2_C_UAID_08BFB8E2B94C773402_1095370381 Label:TLOU2 SpatiallyLoaded:1 Bounds:IsValid=true, Min=(X=980.000 Y=1410.000 Z=160.000), Max=(X=980.000 Y=1559.000 Z=212.000) RuntimeGrid:None EditorOnly:0 RuntimeOnly:0 HLODRelevant:0 ListedInSceneOutliner:1 IsMainWorldOnly:0
 |   |   |- Guid:43815E84492231AFC407F59E3C28176B BaseClass: NativeClass:/Script/Engine.StaticMeshActor Name:StaticMeshActor_4 Label:SM_Cube6 SpatiallyLoaded:1 Bounds:IsValid=true, Min=(X=2900.000 Y=100.000 Z=-34.054), Max=(X=3000.000 Y=5375.000 Z=490.946) RuntimeGrid:None EditorOnly:0 RuntimeOnly:0 HLODRelevant:1 ListedInSceneOutliner:1 IsMainWorldOnly:0 FolderPath:Playground FolderGuid:C73F09FC4215536B1DCE2A9E0A830C70
 |   |   |- Guid:4D3BE93F4146AAAC8BBE79999D96D57F BaseClass: NativeClass:/Script/Engine.VolumetricCloud Name:VolumetricCloud_0 Label:VolumetricCloud SpatiallyLoaded:0 Bounds:IsValid=true, Min=(X=0.000 Y=0.000 Z=820.000), Max=(X=0.000 Y=0.000 Z=820.000) RuntimeGrid:None EditorOnly:0 RuntimeOnly:0 HLODRelevant:0 ListedInSceneOutliner:1 IsMainWorldOnly:0 FolderPath:Lighting FolderGuid:963EC3EB4002CCE9759E2EBA541A873A
 |   |   |- Guid:4D6281FA493513CFA6D23D9FDE70A4F6 BaseClass: NativeClass:/Script/Engine.Character Name:Character_UAID_08BFB8E2B94C7B3302_1735825000 Label:Character SpatiallyLoaded:1 Bounds:IsValid=true, Min=(X=1296.000 Y=1136.000 Z=-158.000), Max=(X=1364.000 Y=1204.000 Z=18.000) RuntimeGrid:None EditorOnly:0 RuntimeOnly:0 HLODRelevant:0 ListedInSceneOutliner:1 IsMainWorldOnly:0
 |   |   |- Guid:5017C9ED44250D552548B588D1ABBA26 BaseClass: NativeClass:/Script/Engine.StaticMeshActor Name:StaticMeshActor_UAID_08BFB8E2B94C733402_1599873663 Label:Plane7 SpatiallyLoaded:1 Bounds:IsValid=true, Min=(X=980.000 Y=2072.500 Z=230.000), Max=(X=980.000 Y=2147.500 Z=330.000) RuntimeGrid:None EditorOnly:0 RuntimeOnly:0 HLODRelevant:1 ListedInSceneOutliner:1 IsMainWorldOnly:0
 |   |   |- Guid:53860AFD4255DA72E5D999A47314E622 BaseClass:/Game/TEXT/Pelicula.Pelicula_C NativeClass:/Script/Engine.Actor Name:Pelicula_C_UAID_08BFB8E2B94C763402_1779126203 Label:Pelicula SpatiallyLoaded:1 Bounds:IsValid=true, Min=(X=980.000 Y=2030.000 Z=340.000), Max=(X=980.000 Y=2196.000 Z=366.000) RuntimeGrid:None EditorOnly:0 RuntimeOnly:0 HLODRelevant:0 ListedInSceneOutliner:1 IsMainWorldOnly:0
 |   |   |- Guid:5B97F4A64FB21F77EFC44386BF705B4C BaseClass: NativeClass:/Script/Engine.TextRenderActor Name:TextRenderActor_1 Label:TextRenderActor SpatiallyLoaded:1 Bounds:IsValid=true, Min=(X=-0.100 Y=1100.000 Z=65.013), Max=(X=-0.100 Y=2392.308 Z=215.013) RuntimeGrid:None EditorOnly:0 RuntimeOnly:0 HLODRelevant:0 ListedInSceneOutliner:1 IsMainWorldOnly:0
 |   |   |- Guid:62881D454D17F4B82139049D42D2820A BaseClass:/Game/TEXT/Juego.Juego_C NativeClass:/Script/Engine.Actor Name:Juego_C_UAID_08BFB8E2B94C763402_1537342199 Label:Juego SpatiallyLoaded:1 Bounds:IsValid=true, Min=(X=980.000 Y=1410.000 Z=340.000), Max=(X=980.000 Y=1553.000 Z=366.000) RuntimeGrid:None EditorOnly:0 RuntimeOnly:0 HLODRelevant:0 ListedInSceneOutliner:1 IsMainWorldOnly:0
 |   |   |- Guid:677942F94CC56785951F38AAA8B94C0A BaseClass:/Game/TEXT/PIXEL.PIXEL_C NativeClass:/Script/Engine.Actor Name:PIXEL_C_UAID_08BFB8E2B94C7C3402_1506417269 Label:PIXEL SpatiallyLoaded:1 Bounds:IsValid=true, Min=(X=1410.000 Y=2240.000 Z=300.000), Max=(X=2190.000 Y=2240.000 Z=432.000) RuntimeGrid:None EditorOnly:0 RuntimeOnly:0 HLODRelevant:0 ListedInSceneOutliner:1 IsMainWorldOnly:0
 |   |   |- Guid:6BAF4DDD444C60371492D3919DB42C97 BaseClass: NativeClass:/Script/Engine.WorldDataLayers Name:WorldDataLayers Label:WorldDataLayers SpatiallyLoaded:0 Bounds:IsValid=true, Min=(X=0.000 Y=0.000 Z=0.000), Max=(X=0.000 Y=0.000 Z=0.000) RuntimeGrid:None EditorOnly:0 RuntimeOnly:0 HLODRelevant:0 ListedInSceneOutliner:1 IsMainWorldOnly:1
 |   |   |- Guid:7095296045B4C21E13F152A65D0406D4 BaseClass:/Game/TEXT/Tonikawa.Tonikawa_C NativeClass:/Script/Engine.Actor Name:Tonikawa_C_UAID_08BFB8E2B94C773402_1302724383 Label:Tonikawa SpatiallyLoaded:1 Bounds:IsValid=true, Min=(X=980.000 Y=1720.000 Z=180.000), Max=(X=980.000 Y=1882.000 Z=206.000) RuntimeGrid:None EditorOnly:0 RuntimeOnly:0 HLODRelevant:0 ListedInSceneOutliner:1 IsMainWorldOnly:0
 |   |   |- Guid:747DCDF14BD1E1F77547B1B6BA26F3FE BaseClass: NativeClass:/Script/Engine.StaticMeshActor Name:StaticMeshActor_UAID_08BFB8E2B94C733402_1592646662 Label:Decorative_Picture_Frame_ukkpdhqbw_Low7 SpatiallyLoaded:1 Bounds:IsValid=true, Min=(X=975.723 Y=2069.982 Z=223.736), Max=(X=980.001 Y=2150.188 Z=336.360) RuntimeGrid:None EditorOnly:0 RuntimeOnly:0 HLODRelevant:1 ListedInSceneOutliner:1 IsMainWorldOnly:0
 |   |   |- Guid:76B42751404FE3541CE01FB95D13F985 BaseClass: NativeClass:/Script/Engine.StaticMeshActor Name:StaticMeshActor_UAID_08BFB8E2B94C6F3402_1577139944 Label:Plane SpatiallyLoaded:1 Bounds:IsValid=true, Min=(X=980.000 Y=1270.000 Z=230.000), Max=(X=980.000 Y=1370.000 Z=330.000) RuntimeGrid:None EditorOnly:0 RuntimeOnly:0 HLODRelevant:1 ListedInSceneOutliner:1 IsMainWorldOnly:0
 |   |   |- Guid:7774DF7541B8B4CE0B1ACE9C659C6FEF BaseClass: NativeClass:/Script/Engine.StaticMeshActor Name:StaticMeshActor_UAID_08BFB8E2B94C703402_1878265124 Label:Decorative_Picture_Frame_ukkpdhqbw_Low2 SpatiallyLoaded:1 Bounds:IsValid=true, Min=(X=975.723 Y=275.952 Z=218.724), Max=(X=980.001 Y=484.490 Z=421.448) RuntimeGrid:None EditorOnly:0 RuntimeOnly:0 HLODRelevant:1 ListedInSceneOutliner:1 IsMainWorldOnly:0
 |   |   |- Guid:7A6B5F1447525BA965B999B901506501 BaseClass: NativeClass:/Script/Engine.StaticMeshActor Name:StaticMeshActor_UAID_08BFB8E2B94C223402_1307724394 Label:Cube4 SpatiallyLoaded:1 Bounds:IsValid=true, Min=(X=968.000 Y=3450.000 Z=-111.111), Max=(X=1032.000 Y=5350.000 Z=532.889) RuntimeGrid:None EditorOnly:0 RuntimeOnly:0 HLODRelevant:1 ListedInSceneOutliner:1 IsMainWorldOnly:0
 |   |   |- Guid:869D204A47926CEF8C354096F5BFF4EA BaseClass:/Game/TEXT/Anime.Anime_C NativeClass:/Script/Engine.Actor Name:Anime_C_UAID_08BFB8E2B94C763402_1580840200 Label:Anime SpatiallyLoaded:1 Bounds:IsValid=true, Min=(X=980.000 Y=1570.000 Z=340.000), Max=(X=980.000 Y=1720.000 Z=366.000) RuntimeGrid:None EditorOnly:0 RuntimeOnly:0 HLODRelevant:0 ListedInSceneOutliner:1 IsMainWorldOnly:0
 |   |   |- Guid:88324DB2469599EA99A6EBB8C5092EE3 BaseClass: NativeClass:/Script/Engine.StaticMeshActor Name:StaticMeshActor_UAID_08BFB8E2B94C213402_2015646216 Label:Cube2 SpatiallyLoaded:1 Bounds:IsValid=true, Min=(X=1332.500 Y=2207.500 Z=-16.396), Max=(X=2907.500 Y=2232.500 Z=483.604) RuntimeGrid:None EditorOnly:0 RuntimeOnly:0 HLODRelevant:1 ListedInSceneOutliner:1 IsMainWorldOnly:0
 |   |   |- Guid:88FC669D4DB8BF4A4E71BEBDA2FFB655 BaseClass: NativeClass:/Script/Engine.StaticMeshActor Name:StaticMeshActor_UAID_08BFB8E2B94C6D3402_1363466591 Label:Cube3 SpatiallyLoaded:1 Bounds:IsValid=true, Min=(X=1332.500 Y=3427.500 Z=-16.396), Max=(X=2907.500 Y=3452.500 Z=483.604) RuntimeGrid:None EditorOnly:0 RuntimeOnly:0 HLODRelevant:1 ListedInSceneOutliner:1 IsMainWorldOnly:0
 |   |   |- Guid:8ADE152F44B30588C95E7CA3D29FF0CD BaseClass:/Game/TEXT/PIXEL.PIXEL_C NativeClass:/Script/Engine.Actor Name:PIXEL_C_UAID_08BFB8E2B94C7C3402_1964199270 Label:PIXEL SpatiallyLoaded:1 Bounds:IsValid=true, Min=(X=1440.000 Y=2380.000 Z=240.000), Max=(X=2220.000 Y=2380.000 Z=372.000) RuntimeGrid:None EditorOnly:0 RuntimeOnly:0 HLODRelevant:0 ListedInSceneOutliner:1 IsMainWorldOnly:0
 |   |   |- Guid:8BAF4CC04E473DD7FE7C6A9031060396 BaseClass: NativeClass:/Script/Engine.StaticMeshActor Name:StaticMeshActor_UAID_08BFB8E2B94C213402_1759107215 Label:Cube SpatiallyLoaded:1 Bounds:IsValid=true, Min=(X=972.000 Y=-130.000 Z=-10.841), Max=(X=1028.000 Y=2250.000 Z=489.159) RuntimeGrid:None EditorOnly:0 RuntimeOnly:0 HLODRelevant:1 ListedInSceneOutliner:1 IsMainWorldOnly:0
 |   |   |- Guid:8CF43A4D4121F2A58D3A2BB9DF3F6EBB BaseClass:/Game/TEXT/M.M_C NativeClass:/Script/Engine.Actor Name:M_C_UAID_08BFB8E2B94C763402_1656830201 Label:M SpatiallyLoaded:1 Bounds:IsValid=true, Min=(X=980.000 Y=1730.000 Z=340.000), Max=(X=980.000 Y=1884.000 Z=366.000) RuntimeGrid:None EditorOnly:0 RuntimeOnly:0 HLODRelevant:0 ListedInSceneOutliner:1 IsMainWorldOnly:0
 |   |   |- Guid:961864A84FF6F65B68F2A3BE5819D538 BaseClass: NativeClass:/Script/Engine.StaticMeshActor Name:StaticMeshActor_8 Label:SM_Cube4 SpatiallyLoaded:1 Bounds:IsValid=true, Min=(X=90.000 Y=89.925 Z=-10.000), Max=(X=2915.000 Y=5389.925 Z=15.000) RuntimeGrid:None EditorOnly:0 RuntimeOnly:0 HLODRelevant:1 ListedInSceneOutliner:1 IsMainWorldOnly:0 FolderPath:Block01 FolderGuid:7D23E5AE4C2A421F86AF6986D87E6D05
 |   |   |- Guid:A56216954B2165CF0F35A886B537D536 BaseClass: NativeClass:/Script/Engine.StaticMeshActor Name:StaticMeshActor_0 Label:SM_Cube5 SpatiallyLoaded:1 Bounds:IsValid=true, Min=(X=-0.000 Y=100.000 Z=-34.054), Max=(X=100.000 Y=5375.000 Z=490.946) RuntimeGrid:None EditorOnly:0 RuntimeOnly:0 HLODRelevant:1 ListedInSceneOutliner:1 IsMainWorldOnly:0 FolderPath:Playground FolderGuid:C73F09FC4215536B1DCE2A9E0A830C70
 |   |   |- Guid:A5808A964D01BC51E71C578943245F54 BaseClass:/Game/TEXT/Nombre.Nombre_C NativeClass:/Script/Engine.Actor Name:Nombre_C_UAID_08BFB8E2B94C743402_1437141842 Label:Nombre SpatiallyLoaded:1 Bounds:IsValid=true, Min=(X=980.000 Y=200.000 Z=70.000), Max=(X=980.000 Y=679.000 Z=200.000) RuntimeGrid:None EditorOnly:0 RuntimeOnly:0 HLODRelevant:0 ListedInSceneOutliner:1 IsMainWorldOnly:0
 |   |   |- Guid:A7A3C1A2479DE80ED084159E2D8CB4FE BaseClass: NativeClass:/Script/Engine.StaticMeshActor Name:StaticMeshActor_UAID_08BFB8E2B94C733402_1155360661 Label:Plane6 SpatiallyLoaded:1 Bounds:IsValid=true, Min=(X=980.000 Y=1912.500 Z=230.000), Max=(X=980.000 Y=1987.500 Z=330.000) RuntimeGrid:None EditorOnly:0 RuntimeOnly:0 HLODRelevant:1 ListedInSceneOutliner:1 IsMainWorldOnly:0
 |   |   |- Guid:AA1DAE9B4D47F6760B09B19525D28735 BaseClass: NativeClass:/Script/Engine.StaticMeshActor Name:StaticMeshActor_UAID_08BFB8E2B94C723402_1640203481 Label:Plane4 SpatiallyLoaded:1 Bounds:IsValid=true, Min=(X=980.000 Y=1590.000 Z=230.000), Max=(X=980.000 Y=1690.000 Z=330.000) RuntimeGrid:None EditorOnly:0 RuntimeOnly:0 HLODRelevant:1 ListedInSceneOutliner:1 IsMainWorldOnly:0
 |   |   |- Guid:AC36A8584D388D40B1FDE998DB73B403 BaseClass:/Game/TEXT/BuddyDaddies2.BuddyDaddies2_C NativeClass:/Script/Engine.Actor Name:BuddyDaddies2_C_UAID_08BFB8E2B94C773402_1252478382 Label:BuddyDaddies2 SpatiallyLoaded:1 Bounds:IsValid=true, Min=(X=980.000 Y=1570.000 Z=180.000), Max=(X=980.000 Y=1716.000 Z=206.000) RuntimeGrid:None EditorOnly:0 RuntimeOnly:0 HLODRelevant:0 ListedInSceneOutliner:1 IsMainWorldOnly:0
 |   |   |- Guid:B2983A7F4930BC722D07FE90771792B4 BaseClass: NativeClass:/Script/Engine.StaticMeshActor Name:StaticMeshActor_UAID_08BFB8E2B94C703402_1826239123 Label:Decorative_Picture_Frame_ukkpdhqbw_Low SpatiallyLoaded:1 Bounds:IsValid=true, Min=(X=975.723 Y=1263.974 Z=223.736), Max=(X=980.001 Y=1376.264 Z=336.360) RuntimeGrid:None EditorOnly:0 RuntimeOnly:0 HLODRelevant:1 ListedInSceneOutliner:1 IsMainWorldOnly:0
 |   |   |- Guid:B4CFABFB48D538A8D3987A8521BA30A2 BaseClass:/Game/TEXT/MBTI.MBTI_C NativeClass:/Script/Engine.Actor Name:MBTI_C_UAID_08BFB8E2B94C763402_1191865197 Label:MBTI SpatiallyLoaded:1 Bounds:IsValid=true, Min=(X=980.000 Y=1300.000 Z=340.000), Max=(X=980.000 Y=1346.948 Z=363.474) RuntimeGrid:None EditorOnly:0 RuntimeOnly:0 HLODRelevant:0 ListedInSceneOutliner:1 IsMainWorldOnly:0
 |   |   |- Guid:B785ED2844B84CFB91E7F39FE661CD99 BaseClass: NativeClass:/Script/Engine.DirectionalLight Name:DirectionalLight_0 Label:DirectionalLight SpatiallyLoaded:0 Bounds:IsValid=true, Min=(X=-1048576.000 Y=-1048576.000 Z=-1048576.000), Max=(X=1048576.000 Y=1048576.000 Z=1048576.000) RuntimeGrid:None EditorOnly:0 RuntimeOnly:0 HLODRelevant:0 ListedInSceneOutliner:1 IsMainWorldOnly:0 FolderPath:Lighting FolderGuid:963EC3EB4002CCE9759E2EBA541A873A
 |   |   |- Guid:BC08B79C4EA3C961CFF75EBBE83B367D BaseClass: NativeClass:/Script/Engine.StaticMeshActor Name:StaticMeshActor_5 Label:SM_Cube2 SpatiallyLoaded:1 Bounds:IsValid=true, Min=(X=0.000 Y=0.000 Z=-34.054), Max=(X=3000.000 Y=100.000 Z=490.946) RuntimeGrid:None EditorOnly:0 RuntimeOnly:0 HLODRelevant:1 ListedInSceneOutliner:1 IsMainWorldOnly:0 FolderPath:Playground FolderGuid:C73F09FC4215536B1DCE2A9E0A830C70
 |   |   |- Guid:C39CAFCE4401B39BE782C4A040ACA9F3 BaseClass:/Game/TEXT/MBTI2.MBTI2_C NativeClass:/Script/Engine.Actor Name:MBTI2_C_UAID_08BFB8E2B94C763402_2076175204 Label:MBTI2 SpatiallyLoaded:1 Bounds:IsValid=true, Min=(X=980.000 Y=1260.000 Z=160.000), Max=(X=980.000 Y=1385.000 Z=212.000) RuntimeGrid:None EditorOnly:0 RuntimeOnly:0 HLODRelevant:0 ListedInSceneOutliner:1 IsMainWorldOnly:0
 |   |   |- Guid:CCFF262C46EEFFDF319E7F9539CE697E BaseClass: NativeClass:/Script/Engine.SkyAtmosphere Name:SkyAtmosphere_0 Label:SkyAtmosphere SpatiallyLoaded:0 Bounds:IsValid=true, Min=(X=0.000 Y=0.000 Z=1020.000), Max=(X=0.000 Y=0.000 Z=1020.000) RuntimeGrid:None EditorOnly:0 RuntimeOnly:0 HLODRelevant:0 ListedInSceneOutliner:1 IsMainWorldOnly:0 FolderPath:Lighting FolderGuid:963EC3EB4002CCE9759E2EBA541A873A
 |   |   |- Guid:D1D3AF9141BD15CA77697883A9FD88ED BaseClass:/Game/TEXT/Midnight2.Midnight2_C NativeClass:/Script/Engine.Actor Name:Midnight2_C_UAID_08BFB8E2B94C773402_1491403385 Label:Midnight2 SpatiallyLoaded:1 Bounds:IsValid=true, Min=(X=980.000 Y=2070.000 Z=180.000), Max=(X=980.000 Y=2157.000 Z=206.000) RuntimeGrid:None EditorOnly:0 RuntimeOnly:0 HLODRelevant:0 ListedInSceneOutliner:1 IsMainWorldOnly:0
 |   |   |- Guid:D223D33B45AA935A010DE6A37D453C08 BaseClass: NativeClass:/Script/Engine.StaticMeshActor Name:StaticMeshActor_UAID_08BFB8E2B94C723402_1434938478 Label:Decorative_Picture_Frame_ukkpdhqbw_Low3 SpatiallyLoaded:1 Bounds:IsValid=true, Min=(X=975.723 Y=1423.974 Z=223.736), Max=(X=980.001 Y=1536.264 Z=336.360) RuntimeGrid:None EditorOnly:0 RuntimeOnly:0 HLODRelevant:1 ListedInSceneOutliner:1 IsMainWorldOnly:0
 |   |   |- Guid:DADB2E0E43D7E2A9D83405AF3FB16260 BaseClass:/Game/TEXT/AboutMe.AboutMe_C NativeClass:/Script/Engine.Actor Name:AboutMe_C_UAID_08BFB8E2B94C753402_1632580020 Label:AboutMe SpatiallyLoaded:1 Bounds:IsValid=true, Min=(X=980.000 Y=520.000 Z=240.000), Max=(X=980.000 Y=1234.000 Z=370.000) RuntimeGrid:None EditorOnly:0 RuntimeOnly:0 HLODRelevant:0 ListedInSceneOutliner:1 IsMainWorldOnly:0
 |   |   |- Guid:E91CD25245B0B4FEC6A50DA0F15EEEE7 BaseClass: NativeClass:/Script/Engine.StaticMeshActor Name:StaticMeshActor_UAID_08BFB8E2B94C723402_1631360480 Label:Decorative_Picture_Frame_ukkpdhqbw_Low4 SpatiallyLoaded:1 Bounds:IsValid=true, Min=(X=975.723 Y=1583.974 Z=223.736), Max=(X=980.001 Y=1696.264 Z=336.360) RuntimeGrid:None EditorOnly:0 RuntimeOnly:0 HLODRelevant:1 ListedInSceneOutliner:1 IsMainWorldOnly:0
 |   |   |- Guid:EC4E0C944CE6AC6E784BC6BB2916EA13 BaseClass: NativeClass:/Script/Engine.StaticMeshActor Name:StaticMeshActor_UAID_A4AE111137DC5EFB00_1110535423 Label:SM_SkySphere SpatiallyLoaded:0 Bounds:IsValid=true, Min=(X=-1638400.000 Y=-1638400.000 Z=-1638400.000), Max=(X=1638400.000 Y=1638400.000 Z=1638400.000) RuntimeGrid:None EditorOnly:0 RuntimeOnly:0 HLODRelevant:1 ListedInSceneOutliner:1 IsMainWorldOnly:0 FolderPath:Lighting FolderGuid:963EC3EB4002CCE9759E2EBA541A873A
 |   |   |- Guid:F1924B8D48954B30891B2DB6A694F9CC BaseClass: NativeClass:/Script/Engine.StaticMeshActor Name:StaticMeshActor_1 Label:SM_Cube SpatiallyLoaded:1 Bounds:IsValid=true, Min=(X=0.000 Y=0.000 Z=-50.000), Max=(X=3000.000 Y=5375.000 Z=0.000) RuntimeGrid:None EditorOnly:0 RuntimeOnly:0 HLODRelevant:1 ListedInSceneOutliner:1 IsMainWorldOnly:0 FolderPath:Playground FolderGuid:C73F09FC4215536B1DCE2A9E0A830C70
 |   |   |- Guid:F28A151A40015DDE64DD0CBC8EFE14AA BaseClass:/Game/TEXT/Serie.Serie_C NativeClass:/Script/Engine.Actor Name:Serie_C_UAID_08BFB8E2B94C763402_1725732202 Label:Serie SpatiallyLoaded:1 Bounds:IsValid=true, Min=(X=980.000 Y=1890.000 Z=340.000), Max=(X=980.000 Y=2029.000 Z=366.000) RuntimeGrid:None EditorOnly:0 RuntimeOnly:0 HLODRelevant:0 ListedInSceneOutliner:1 IsMainWorldOnly:0
 |   |   |- Guid:F5E3FEB3450C49844FD93DA8E083C8AD BaseClass: NativeClass:/Script/Engine.PostProcessVolume Name:PostProcessVolume_0 Label:PostProcessVolume SpatiallyLoaded:0 Bounds:IsValid=true, Min=(X=0.000 Y=0.000 Z=400.000), Max=(X=200.000 Y=200.000 Z=600.000) RuntimeGrid:None EditorOnly:0 RuntimeOnly:0 HLODRelevant:0 ListedInSceneOutliner:1 IsMainWorldOnly:0 FolderPath:Lighting FolderGuid:963EC3EB4002CCE9759E2EBA541A873A
 |   |   |- Guid:F6CF815C444BEE2A038CFF99046C1181 BaseClass: NativeClass:/Script/Engine.StaticMeshActor Name:StaticMeshActor_UAID_08BFB8E2B94C723402_1142579477 Label:Plane2 SpatiallyLoaded:1 Bounds:IsValid=true, Min=(X=980.000 Y=280.000 Z=220.000), Max=(X=980.000 Y=480.000 Z=420.000) RuntimeGrid:None EditorOnly:0 RuntimeOnly:0 HLODRelevant:1 ListedInSceneOutliner:1 IsMainWorldOnly:0
 |   |   |- Guid:FF698C67459ADB4982D7759C0905EE9F BaseClass: NativeClass:/Script/Engine.StaticMeshActor Name:StaticMeshActor_6 Label:SM_Cube3 SpatiallyLoaded:1 Bounds:IsValid=true, Min=(X=0.000 Y=5350.000 Z=-34.054), Max=(X=3000.000 Y=5400.000 Z=490.946) RuntimeGrid:None EditorOnly:0 RuntimeOnly:0 HLODRelevant:1 ListedInSceneOutliner:1 IsMainWorldOnly:0 FolderPath:Playground FolderGuid:C73F09FC4215536B1DCE2A9E0A830C70
 |   |- [+] Clusters:
 |   |   |- [+] [  0]
 |   |   |   |- Guid:0794FD4C4FF87740606A97BDCB898F33 BaseClass: NativeClass:/Script/Engine.StaticMeshActor Name:StaticMeshActor_UAID_08BFB8E2B94C723402_1741183482 Label:Decorative_Picture_Frame_ukkpdhqbw_Low5 SpatiallyLoaded:1 Bounds:IsValid=true, Min=(X=975.723 Y=1741.978 Z=223.736), Max=(X=980.001 Y=1838.226 Z=336.360) RuntimeGrid:None EditorOnly:0 RuntimeOnly:0 HLODRelevant:1 ListedInSceneOutliner:1 IsMainWorldOnly:0
 |   |   |- [+] [  1]
 |   |   |   |- Guid:1C4DA5A84B12BABA146010BFF4EAF40B BaseClass: NativeClass:/Script/Engine.StaticMeshActor Name:StaticMeshActor_UAID_08BFB8E2B94C723402_1562791479 Label:Plane3 SpatiallyLoaded:1 Bounds:IsValid=true, Min=(X=980.000 Y=1430.000 Z=230.000), Max=(X=980.000 Y=1530.000 Z=330.000) RuntimeGrid:None EditorOnly:0 RuntimeOnly:0 HLODRelevant:1 ListedInSceneOutliner:1 IsMainWorldOnly:0
 |   |   |- [+] [  2]
 |   |   |   |- Guid:27B5F3A941CEF30A93BCACB15762C5D3 BaseClass: NativeClass:/Script/Engine.StaticMeshActor Name:StaticMeshActor_UAID_08BFB8E2B94C733402_1142890660 Label:Decorative_Picture_Frame_ukkpdhqbw_Low6 SpatiallyLoaded:1 Bounds:IsValid=true, Min=(X=975.723 Y=1901.978 Z=223.736), Max=(X=980.001 Y=1998.226 Z=336.360) RuntimeGrid:None EditorOnly:0 RuntimeOnly:0 HLODRelevant:1 ListedInSceneOutliner:1 IsMainWorldOnly:0
 |   |   |- [+] [  3]
 |   |   |   |- Guid:2FB58999456391D349DC0F86DAC136ED BaseClass: NativeClass:/Script/Engine.SkyLight Name:SkyLight_1 Label:SkyLight SpatiallyLoaded:0 Bounds:IsValid=true, Min=(X=0.000 Y=0.000 Z=690.000), Max=(X=0.000 Y=0.000 Z=690.000) RuntimeGrid:None EditorOnly:0 RuntimeOnly:0 HLODRelevant:0 ListedInSceneOutliner:1 IsMainWorldOnly:0 FolderPath:Lighting FolderGuid:963EC3EB4002CCE9759E2EBA541A873A
 |   |   |- [+] [  4]
 |   |   |   |- Guid:316CF2A6494ACA4C0E4180A87D36AB8F BaseClass: NativeClass:/Script/Engine.ExponentialHeightFog Name:ExponentialHeightFog_0 Label:ExponentialHeightFog SpatiallyLoaded:0 Bounds:IsValid=true, Min=(X=-5600.000 Y=-50.000 Z=-6850.000), Max=(X=-5600.000 Y=-50.000 Z=-6850.000) RuntimeGrid:None EditorOnly:0 RuntimeOnly:0 HLODRelevant:0 ListedInSceneOutliner:1 IsMainWorldOnly:0 FolderPath:Lighting FolderGuid:963EC3EB4002CCE9759E2EBA541A873A
 |   |   |- [+] [  5]
 |   |   |   |- Guid:3A00AA1C422CE54C0BDB60BAF471BFBB BaseClass: NativeClass:/Script/Engine.PlayerStart Name:PlayerStart_0 Label:PlayerStart SpatiallyLoaded:0 Bounds:IsValid=true, Min=(X=330.000 Y=320.000 Z=0.013), Max=(X=410.000 Y=400.000 Z=184.013) RuntimeGrid:None EditorOnly:0 RuntimeOnly:0 HLODRelevant:0 ListedInSceneOutliner:1 IsMainWorldOnly:0
 |   |   |- [+] [  6]
 |   |   |   |- Guid:3F45501042DC5892444AD4BBB6AAE012 BaseClass: NativeClass:/Script/Engine.StaticMeshActor Name:StaticMeshActor_UAID_08BFB8E2B94C723402_1752530483 Label:Plane5 SpatiallyLoaded:1 Bounds:IsValid=true, Min=(X=980.000 Y=1752.500 Z=230.000), Max=(X=980.000 Y=1827.500 Z=330.000) RuntimeGrid:None EditorOnly:0 RuntimeOnly:0 HLODRelevant:1 ListedInSceneOutliner:1 IsMainWorldOnly:0
 |   |   |- [+] [  7]
 |   |   |   |- Guid:42BEACCE41A183663B57D0BFDBF112CF BaseClass:/Game/TEXT/WeakHero2.WeakHero2_C NativeClass:/Script/Engine.Actor Name:WeakHero2_C_UAID_08BFB8E2B94C773402_1371543384 Label:WeakHero2 SpatiallyLoaded:1 Bounds:IsValid=true, Min=(X=980.000 Y=1900.000 Z=160.000), Max=(X=980.000 Y=2016.000 Z=212.000) RuntimeGrid:None EditorOnly:0 RuntimeOnly:0 HLODRelevant:0 ListedInSceneOutliner:1 IsMainWorldOnly:0
 |   |   |- [+] [  8]
 |   |   |   |- Guid:437D6D074EA4ACDBCB58AC8235FD11C6 BaseClass:/Game/TEXT/TLOU2.TLOU2_C NativeClass:/Script/Engine.Actor Name:TLOU2_C_UAID_08BFB8E2B94C773402_1095370381 Label:TLOU2 SpatiallyLoaded:1 Bounds:IsValid=true, Min=(X=980.000 Y=1410.000 Z=160.000), Max=(X=980.000 Y=1559.000 Z=212.000) RuntimeGrid:None EditorOnly:0 RuntimeOnly:0 HLODRelevant:0 ListedInSceneOutliner:1 IsMainWorldOnly:0
 |   |   |- [+] [  9]
 |   |   |   |- Guid:43815E84492231AFC407F59E3C28176B BaseClass: NativeClass:/Script/Engine.StaticMeshActor Name:StaticMeshActor_4 Label:SM_Cube6 SpatiallyLoaded:1 Bounds:IsValid=true, Min=(X=2900.000 Y=100.000 Z=-34.054), Max=(X=3000.000 Y=5375.000 Z=490.946) RuntimeGrid:None EditorOnly:0 RuntimeOnly:0 HLODRelevant:1 ListedInSceneOutliner:1 IsMainWorldOnly:0 FolderPath:Playground FolderGuid:C73F09FC4215536B1DCE2A9E0A830C70
 |   |   |- [+] [ 10]
 |   |   |   |- Guid:4D3BE93F4146AAAC8BBE79999D96D57F BaseClass: NativeClass:/Script/Engine.VolumetricCloud Name:VolumetricCloud_0 Label:VolumetricCloud SpatiallyLoaded:0 Bounds:IsValid=true, Min=(X=0.000 Y=0.000 Z=820.000), Max=(X=0.000 Y=0.000 Z=820.000) RuntimeGrid:None EditorOnly:0 RuntimeOnly:0 HLODRelevant:0 ListedInSceneOutliner:1 IsMainWorldOnly:0 FolderPath:Lighting FolderGuid:963EC3EB4002CCE9759E2EBA541A873A
 |   |   |- [+] [ 11]
 |   |   |   |- Guid:4D6281FA493513CFA6D23D9FDE70A4F6 BaseClass: NativeClass:/Script/Engine.Character Name:Character_UAID_08BFB8E2B94C7B3302_1735825000 Label:Character SpatiallyLoaded:1 Bounds:IsValid=true, Min=(X=1296.000 Y=1136.000 Z=-158.000), Max=(X=1364.000 Y=1204.000 Z=18.000) RuntimeGrid:None EditorOnly:0 RuntimeOnly:0 HLODRelevant:0 ListedInSceneOutliner:1 IsMainWorldOnly:0
 |   |   |- [+] [ 12]
 |   |   |   |- Guid:5017C9ED44250D552548B588D1ABBA26 BaseClass: NativeClass:/Script/Engine.StaticMeshActor Name:StaticMeshActor_UAID_08BFB8E2B94C733402_1599873663 Label:Plane7 SpatiallyLoaded:1 Bounds:IsValid=true, Min=(X=980.000 Y=2072.500 Z=230.000), Max=(X=980.000 Y=2147.500 Z=330.000) RuntimeGrid:None EditorOnly:0 RuntimeOnly:0 HLODRelevant:1 ListedInSceneOutliner:1 IsMainWorldOnly:0
 |   |   |- [+] [ 13]
 |   |   |   |- Guid:53860AFD4255DA72E5D999A47314E622 BaseClass:/Game/TEXT/Pelicula.Pelicula_C NativeClass:/Script/Engine.Actor Name:Pelicula_C_UAID_08BFB8E2B94C763402_1779126203 Label:Pelicula SpatiallyLoaded:1 Bounds:IsValid=true, Min=(X=980.000 Y=2030.000 Z=340.000), Max=(X=980.000 Y=2196.000 Z=366.000) RuntimeGrid:None EditorOnly:0 RuntimeOnly:0 HLODRelevant:0 ListedInSceneOutliner:1 IsMainWorldOnly:0
 |   |   |- [+] [ 14]
 |   |   |   |- Guid:5B97F4A64FB21F77EFC44386BF705B4C BaseClass: NativeClass:/Script/Engine.TextRenderActor Name:TextRenderActor_1 Label:TextRenderActor SpatiallyLoaded:1 Bounds:IsValid=true, Min=(X=-0.100 Y=1100.000 Z=65.013), Max=(X=-0.100 Y=2392.308 Z=215.013) RuntimeGrid:None EditorOnly:0 RuntimeOnly:0 HLODRelevant:0 ListedInSceneOutliner:1 IsMainWorldOnly:0
 |   |   |- [+] [ 15]
 |   |   |   |- Guid:62881D454D17F4B82139049D42D2820A BaseClass:/Game/TEXT/Juego.Juego_C NativeClass:/Script/Engine.Actor Name:Juego_C_UAID_08BFB8E2B94C763402_1537342199 Label:Juego SpatiallyLoaded:1 Bounds:IsValid=true, Min=(X=980.000 Y=1410.000 Z=340.000), Max=(X=980.000 Y=1553.000 Z=366.000) RuntimeGrid:None EditorOnly:0 RuntimeOnly:0 HLODRelevant:0 ListedInSceneOutliner:1 IsMainWorldOnly:0
 |   |   |- [+] [ 16]
 |   |   |   |- Guid:677942F94CC56785951F38AAA8B94C0A BaseClass:/Game/TEXT/PIXEL.PIXEL_C NativeClass:/Script/Engine.Actor Name:PIXEL_C_UAID_08BFB8E2B94C7C3402_1506417269 Label:PIXEL SpatiallyLoaded:1 Bounds:IsValid=true, Min=(X=1410.000 Y=2240.000 Z=300.000), Max=(X=2190.000 Y=2240.000 Z=432.000) RuntimeGrid:None EditorOnly:0 RuntimeOnly:0 HLODRelevant:0 ListedInSceneOutliner:1 IsMainWorldOnly:0
 |   |   |- [+] [ 17]
 |   |   |   |- Guid:6BAF4DDD444C60371492D3919DB42C97 BaseClass: NativeClass:/Script/Engine.WorldDataLayers Name:WorldDataLayers Label:WorldDataLayers SpatiallyLoaded:0 Bounds:IsValid=true, Min=(X=0.000 Y=0.000 Z=0.000), Max=(X=0.000 Y=0.000 Z=0.000) RuntimeGrid:None EditorOnly:0 RuntimeOnly:0 HLODRelevant:0 ListedInSceneOutliner:1 IsMainWorldOnly:1
 |   |   |- [+] [ 18]
 |   |   |   |- Guid:7095296045B4C21E13F152A65D0406D4 BaseClass:/Game/TEXT/Tonikawa.Tonikawa_C NativeClass:/Script/Engine.Actor Name:Tonikawa_C_UAID_08BFB8E2B94C773402_1302724383 Label:Tonikawa SpatiallyLoaded:1 Bounds:IsValid=true, Min=(X=980.000 Y=1720.000 Z=180.000), Max=(X=980.000 Y=1882.000 Z=206.000) RuntimeGrid:None EditorOnly:0 RuntimeOnly:0 HLODRelevant:0 ListedInSceneOutliner:1 IsMainWorldOnly:0
 |   |   |- [+] [ 19]
 |   |   |   |- Guid:747DCDF14BD1E1F77547B1B6BA26F3FE BaseClass: NativeClass:/Script/Engine.StaticMeshActor Name:StaticMeshActor_UAID_08BFB8E2B94C733402_1592646662 Label:Decorative_Picture_Frame_ukkpdhqbw_Low7 SpatiallyLoaded:1 Bounds:IsValid=true, Min=(X=975.723 Y=2069.982 Z=223.736), Max=(X=980.001 Y=2150.188 Z=336.360) RuntimeGrid:None EditorOnly:0 RuntimeOnly:0 HLODRelevant:1 ListedInSceneOutliner:1 IsMainWorldOnly:0
 |   |   |- [+] [ 20]
 |   |   |   |- Guid:76B42751404FE3541CE01FB95D13F985 BaseClass: NativeClass:/Script/Engine.StaticMeshActor Name:StaticMeshActor_UAID_08BFB8E2B94C6F3402_1577139944 Label:Plane SpatiallyLoaded:1 Bounds:IsValid=true, Min=(X=980.000 Y=1270.000 Z=230.000), Max=(X=980.000 Y=1370.000 Z=330.000) RuntimeGrid:None EditorOnly:0 RuntimeOnly:0 HLODRelevant:1 ListedInSceneOutliner:1 IsMainWorldOnly:0
 |   |   |- [+] [ 21]
 |   |   |   |- Guid:7774DF7541B8B4CE0B1ACE9C659C6FEF BaseClass: NativeClass:/Script/Engine.StaticMeshActor Name:StaticMeshActor_UAID_08BFB8E2B94C703402_1878265124 Label:Decorative_Picture_Frame_ukkpdhqbw_Low2 SpatiallyLoaded:1 Bounds:IsValid=true, Min=(X=975.723 Y=275.952 Z=218.724), Max=(X=980.001 Y=484.490 Z=421.448) RuntimeGrid:None EditorOnly:0 RuntimeOnly:0 HLODRelevant:1 ListedInSceneOutliner:1 IsMainWorldOnly:0
 |   |   |- [+] [ 22]
 |   |   |   |- Guid:7A6B5F1447525BA965B999B901506501 BaseClass: NativeClass:/Script/Engine.StaticMeshActor Name:StaticMeshActor_UAID_08BFB8E2B94C223402_1307724394 Label:Cube4 SpatiallyLoaded:1 Bounds:IsValid=true, Min=(X=968.000 Y=3450.000 Z=-111.111), Max=(X=1032.000 Y=5350.000 Z=532.889) RuntimeGrid:None EditorOnly:0 RuntimeOnly:0 HLODRelevant:1 ListedInSceneOutliner:1 IsMainWorldOnly:0
 |   |   |- [+] [ 23]
 |   |   |   |- Guid:869D204A47926CEF8C354096F5BFF4EA BaseClass:/Game/TEXT/Anime.Anime_C NativeClass:/Script/Engine.Actor Name:Anime_C_UAID_08BFB8E2B94C763402_1580840200 Label:Anime SpatiallyLoaded:1 Bounds:IsValid=true, Min=(X=980.000 Y=1570.000 Z=340.000), Max=(X=980.000 Y=1720.000 Z=366.000) RuntimeGrid:None EditorOnly:0 RuntimeOnly:0 HLODRelevant:0 ListedInSceneOutliner:1 IsMainWorldOnly:0
 |   |   |- [+] [ 24]
 |   |   |   |- Guid:88324DB2469599EA99A6EBB8C5092EE3 BaseClass: NativeClass:/Script/Engine.StaticMeshActor Name:StaticMeshActor_UAID_08BFB8E2B94C213402_2015646216 Label:Cube2 SpatiallyLoaded:1 Bounds:IsValid=true, Min=(X=1332.500 Y=2207.500 Z=-16.396), Max=(X=2907.500 Y=2232.500 Z=483.604) RuntimeGrid:None EditorOnly:0 RuntimeOnly:0 HLODRelevant:1 ListedInSceneOutliner:1 IsMainWorldOnly:0
 |   |   |- [+] [ 25]
 |   |   |   |- Guid:88FC669D4DB8BF4A4E71BEBDA2FFB655 BaseClass: NativeClass:/Script/Engine.StaticMeshActor Name:StaticMeshActor_UAID_08BFB8E2B94C6D3402_1363466591 Label:Cube3 SpatiallyLoaded:1 Bounds:IsValid=true, Min=(X=1332.500 Y=3427.500 Z=-16.396), Max=(X=2907.500 Y=3452.500 Z=483.604) RuntimeGrid:None EditorOnly:0 RuntimeOnly:0 HLODRelevant:1 ListedInSceneOutliner:1 IsMainWorldOnly:0
 |   |   |- [+] [ 26]
 |   |   |   |- Guid:8ADE152F44B30588C95E7CA3D29FF0CD BaseClass:/Game/TEXT/PIXEL.PIXEL_C NativeClass:/Script/Engine.Actor Name:PIXEL_C_UAID_08BFB8E2B94C7C3402_1964199270 Label:PIXEL SpatiallyLoaded:1 Bounds:IsValid=true, Min=(X=1440.000 Y=2380.000 Z=240.000), Max=(X=2220.000 Y=2380.000 Z=372.000) RuntimeGrid:None EditorOnly:0 RuntimeOnly:0 HLODRelevant:0 ListedInSceneOutliner:1 IsMainWorldOnly:0
 |   |   |- [+] [ 27]
 |   |   |   |- Guid:8BAF4CC04E473DD7FE7C6A9031060396 BaseClass: NativeClass:/Script/Engine.StaticMeshActor Name:StaticMeshActor_UAID_08BFB8E2B94C213402_1759107215 Label:Cube SpatiallyLoaded:1 Bounds:IsValid=true, Min=(X=972.000 Y=-130.000 Z=-10.841), Max=(X=1028.000 Y=2250.000 Z=489.159) RuntimeGrid:None EditorOnly:0 RuntimeOnly:0 HLODRelevant:1 ListedInSceneOutliner:1 IsMainWorldOnly:0
 |   |   |- [+] [ 28]
 |   |   |   |- Guid:8CF43A4D4121F2A58D3A2BB9DF3F6EBB BaseClass:/Game/TEXT/M.M_C NativeClass:/Script/Engine.Actor Name:M_C_UAID_08BFB8E2B94C763402_1656830201 Label:M SpatiallyLoaded:1 Bounds:IsValid=true, Min=(X=980.000 Y=1730.000 Z=340.000), Max=(X=980.000 Y=1884.000 Z=366.000) RuntimeGrid:None EditorOnly:0 RuntimeOnly:0 HLODRelevant:0 ListedInSceneOutliner:1 IsMainWorldOnly:0
 |   |   |- [+] [ 29]
 |   |   |   |- Guid:961864A84FF6F65B68F2A3BE5819D538 BaseClass: NativeClass:/Script/Engine.StaticMeshActor Name:StaticMeshActor_8 Label:SM_Cube4 SpatiallyLoaded:1 Bounds:IsValid=true, Min=(X=90.000 Y=89.925 Z=-10.000), Max=(X=2915.000 Y=5389.925 Z=15.000) RuntimeGrid:None EditorOnly:0 RuntimeOnly:0 HLODRelevant:1 ListedInSceneOutliner:1 IsMainWorldOnly:0 FolderPath:Block01 FolderGuid:7D23E5AE4C2A421F86AF6986D87E6D05
 |   |   |- [+] [ 30]
 |   |   |   |- Guid:A56216954B2165CF0F35A886B537D536 BaseClass: NativeClass:/Script/Engine.StaticMeshActor Name:StaticMeshActor_0 Label:SM_Cube5 SpatiallyLoaded:1 Bounds:IsValid=true, Min=(X=-0.000 Y=100.000 Z=-34.054), Max=(X=100.000 Y=5375.000 Z=490.946) RuntimeGrid:None EditorOnly:0 RuntimeOnly:0 HLODRelevant:1 ListedInSceneOutliner:1 IsMainWorldOnly:0 FolderPath:Playground FolderGuid:C73F09FC4215536B1DCE2A9E0A830C70
 |   |   |- [+] [ 31]
 |   |   |   |- Guid:A5808A964D01BC51E71C578943245F54 BaseClass:/Game/TEXT/Nombre.Nombre_C NativeClass:/Script/Engine.Actor Name:Nombre_C_UAID_08BFB8E2B94C743402_1437141842 Label:Nombre SpatiallyLoaded:1 Bounds:IsValid=true, Min=(X=980.000 Y=200.000 Z=70.000), Max=(X=980.000 Y=679.000 Z=200.000) RuntimeGrid:None EditorOnly:0 RuntimeOnly:0 HLODRelevant:0 ListedInSceneOutliner:1 IsMainWorldOnly:0
 |   |   |- [+] [ 32]
 |   |   |   |- Guid:A7A3C1A2479DE80ED084159E2D8CB4FE BaseClass: NativeClass:/Script/Engine.StaticMeshActor Name:StaticMeshActor_UAID_08BFB8E2B94C733402_1155360661 Label:Plane6 SpatiallyLoaded:1 Bounds:IsValid=true, Min=(X=980.000 Y=1912.500 Z=230.000), Max=(X=980.000 Y=1987.500 Z=330.000) RuntimeGrid:None EditorOnly:0 RuntimeOnly:0 HLODRelevant:1 ListedInSceneOutliner:1 IsMainWorldOnly:0
 |   |   |- [+] [ 33]
 |   |   |   |- Guid:AA1DAE9B4D47F6760B09B19525D28735 BaseClass: NativeClass:/Script/Engine.StaticMeshActor Name:StaticMeshActor_UAID_08BFB8E2B94C723402_1640203481 Label:Plane4 SpatiallyLoaded:1 Bounds:IsValid=true, Min=(X=980.000 Y=1590.000 Z=230.000), Max=(X=980.000 Y=1690.000 Z=330.000) RuntimeGrid:None EditorOnly:0 RuntimeOnly:0 HLODRelevant:1 ListedInSceneOutliner:1 IsMainWorldOnly:0
 |   |   |- [+] [ 34]
 |   |   |   |- Guid:AC36A8584D388D40B1FDE998DB73B403 BaseClass:/Game/TEXT/BuddyDaddies2.BuddyDaddies2_C NativeClass:/Script/Engine.Actor Name:BuddyDaddies2_C_UAID_08BFB8E2B94C773402_1252478382 Label:BuddyDaddies2 SpatiallyLoaded:1 Bounds:IsValid=true, Min=(X=980.000 Y=1570.000 Z=180.000), Max=(X=980.000 Y=1716.000 Z=206.000) RuntimeGrid:None EditorOnly:0 RuntimeOnly:0 HLODRelevant:0 ListedInSceneOutliner:1 IsMainWorldOnly:0
 |   |   |- [+] [ 35]
 |   |   |   |- Guid:B2983A7F4930BC722D07FE90771792B4 BaseClass: NativeClass:/Script/Engine.StaticMeshActor Name:StaticMeshActor_UAID_08BFB8E2B94C703402_1826239123 Label:Decorative_Picture_Frame_ukkpdhqbw_Low SpatiallyLoaded:1 Bounds:IsValid=true, Min=(X=975.723 Y=1263.974 Z=223.736), Max=(X=980.001 Y=1376.264 Z=336.360) RuntimeGrid:None EditorOnly:0 RuntimeOnly:0 HLODRelevant:1 ListedInSceneOutliner:1 IsMainWorldOnly:0
 |   |   |- [+] [ 36]
 |   |   |   |- Guid:B4CFABFB48D538A8D3987A8521BA30A2 BaseClass:/Game/TEXT/MBTI.MBTI_C NativeClass:/Script/Engine.Actor Name:MBTI_C_UAID_08BFB8E2B94C763402_1191865197 Label:MBTI SpatiallyLoaded:1 Bounds:IsValid=true, Min=(X=980.000 Y=1300.000 Z=340.000), Max=(X=980.000 Y=1346.948 Z=363.474) RuntimeGrid:None EditorOnly:0 RuntimeOnly:0 HLODRelevant:0 ListedInSceneOutliner:1 IsMainWorldOnly:0
 |   |   |- [+] [ 37]
 |   |   |   |- Guid:B785ED2844B84CFB91E7F39FE661CD99 BaseClass: NativeClass:/Script/Engine.DirectionalLight Name:DirectionalLight_0 Label:DirectionalLight SpatiallyLoaded:0 Bounds:IsValid=true, Min=(X=-1048576.000 Y=-1048576.000 Z=-1048576.000), Max=(X=1048576.000 Y=1048576.000 Z=1048576.000) RuntimeGrid:None EditorOnly:0 RuntimeOnly:0 HLODRelevant:0 ListedInSceneOutliner:1 IsMainWorldOnly:0 FolderPath:Lighting FolderGuid:963EC3EB4002CCE9759E2EBA541A873A
 |   |   |- [+] [ 38]
 |   |   |   |- Guid:BC08B79C4EA3C961CFF75EBBE83B367D BaseClass: NativeClass:/Script/Engine.StaticMeshActor Name:StaticMeshActor_5 Label:SM_Cube2 SpatiallyLoaded:1 Bounds:IsValid=true, Min=(X=0.000 Y=0.000 Z=-34.054), Max=(X=3000.000 Y=100.000 Z=490.946) RuntimeGrid:None EditorOnly:0 RuntimeOnly:0 HLODRelevant:1 ListedInSceneOutliner:1 IsMainWorldOnly:0 FolderPath:Playground FolderGuid:C73F09FC4215536B1DCE2A9E0A830C70
 |   |   |- [+] [ 39]
 |   |   |   |- Guid:C39CAFCE4401B39BE782C4A040ACA9F3 BaseClass:/Game/TEXT/MBTI2.MBTI2_C NativeClass:/Script/Engine.Actor Name:MBTI2_C_UAID_08BFB8E2B94C763402_2076175204 Label:MBTI2 SpatiallyLoaded:1 Bounds:IsValid=true, Min=(X=980.000 Y=1260.000 Z=160.000), Max=(X=980.000 Y=1385.000 Z=212.000) RuntimeGrid:None EditorOnly:0 RuntimeOnly:0 HLODRelevant:0 ListedInSceneOutliner:1 IsMainWorldOnly:0
 |   |   |- [+] [ 40]
 |   |   |   |- Guid:CCFF262C46EEFFDF319E7F9539CE697E BaseClass: NativeClass:/Script/Engine.SkyAtmosphere Name:SkyAtmosphere_0 Label:SkyAtmosphere SpatiallyLoaded:0 Bounds:IsValid=true, Min=(X=0.000 Y=0.000 Z=1020.000), Max=(X=0.000 Y=0.000 Z=1020.000) RuntimeGrid:None EditorOnly:0 RuntimeOnly:0 HLODRelevant:0 ListedInSceneOutliner:1 IsMainWorldOnly:0 FolderPath:Lighting FolderGuid:963EC3EB4002CCE9759E2EBA541A873A
 |   |   |- [+] [ 41]
 |   |   |   |- Guid:D1D3AF9141BD15CA77697883A9FD88ED BaseClass:/Game/TEXT/Midnight2.Midnight2_C NativeClass:/Script/Engine.Actor Name:Midnight2_C_UAID_08BFB8E2B94C773402_1491403385 Label:Midnight2 SpatiallyLoaded:1 Bounds:IsValid=true, Min=(X=980.000 Y=2070.000 Z=180.000), Max=(X=980.000 Y=2157.000 Z=206.000) RuntimeGrid:None EditorOnly:0 RuntimeOnly:0 HLODRelevant:0 ListedInSceneOutliner:1 IsMainWorldOnly:0
 |   |   |- [+] [ 42]
 |   |   |   |- Guid:D223D33B45AA935A010DE6A37D453C08 BaseClass: NativeClass:/Script/Engine.StaticMeshActor Name:StaticMeshActor_UAID_08BFB8E2B94C723402_1434938478 Label:Decorative_Picture_Frame_ukkpdhqbw_Low3 SpatiallyLoaded:1 Bounds:IsValid=true, Min=(X=975.723 Y=1423.974 Z=223.736), Max=(X=980.001 Y=1536.264 Z=336.360) RuntimeGrid:None EditorOnly:0 RuntimeOnly:0 HLODRelevant:1 ListedInSceneOutliner:1 IsMainWorldOnly:0
 |   |   |- [+] [ 43]
 |   |   |   |- Guid:DADB2E0E43D7E2A9D83405AF3FB16260 BaseClass:/Game/TEXT/AboutMe.AboutMe_C NativeClass:/Script/Engine.Actor Name:AboutMe_C_UAID_08BFB8E2B94C753402_1632580020 Label:AboutMe SpatiallyLoaded:1 Bounds:IsValid=true, Min=(X=980.000 Y=520.000 Z=240.000), Max=(X=980.000 Y=1234.000 Z=370.000) RuntimeGrid:None EditorOnly:0 RuntimeOnly:0 HLODRelevant:0 ListedInSceneOutliner:1 IsMainWorldOnly:0
 |   |   |- [+] [ 44]
 |   |   |   |- Guid:E91CD25245B0B4FEC6A50DA0F15EEEE7 BaseClass: NativeClass:/Script/Engine.StaticMeshActor Name:StaticMeshActor_UAID_08BFB8E2B94C723402_1631360480 Label:Decorative_Picture_Frame_ukkpdhqbw_Low4 SpatiallyLoaded:1 Bounds:IsValid=true, Min=(X=975.723 Y=1583.974 Z=223.736), Max=(X=980.001 Y=1696.264 Z=336.360) RuntimeGrid:None EditorOnly:0 RuntimeOnly:0 HLODRelevant:1 ListedInSceneOutliner:1 IsMainWorldOnly:0
 |   |   |- [+] [ 45]
 |   |   |   |- Guid:EC4E0C944CE6AC6E784BC6BB2916EA13 BaseClass: NativeClass:/Script/Engine.StaticMeshActor Name:StaticMeshActor_UAID_A4AE111137DC5EFB00_1110535423 Label:SM_SkySphere SpatiallyLoaded:0 Bounds:IsValid=true, Min=(X=-1638400.000 Y=-1638400.000 Z=-1638400.000), Max=(X=1638400.000 Y=1638400.000 Z=1638400.000) RuntimeGrid:None EditorOnly:0 RuntimeOnly:0 HLODRelevant:1 ListedInSceneOutliner:1 IsMainWorldOnly:0 FolderPath:Lighting FolderGuid:963EC3EB4002CCE9759E2EBA541A873A
 |   |   |- [+] [ 46]
 |   |   |   |- Guid:F1924B8D48954B30891B2DB6A694F9CC BaseClass: NativeClass:/Script/Engine.StaticMeshActor Name:StaticMeshActor_1 Label:SM_Cube SpatiallyLoaded:1 Bounds:IsValid=true, Min=(X=0.000 Y=0.000 Z=-50.000), Max=(X=3000.000 Y=5375.000 Z=0.000) RuntimeGrid:None EditorOnly:0 RuntimeOnly:0 HLODRelevant:1 ListedInSceneOutliner:1 IsMainWorldOnly:0 FolderPath:Playground FolderGuid:C73F09FC4215536B1DCE2A9E0A830C70
 |   |   |- [+] [ 47]
 |   |   |   |- Guid:F28A151A40015DDE64DD0CBC8EFE14AA BaseClass:/Game/TEXT/Serie.Serie_C NativeClass:/Script/Engine.Actor Name:Serie_C_UAID_08BFB8E2B94C763402_1725732202 Label:Serie SpatiallyLoaded:1 Bounds:IsValid=true, Min=(X=980.000 Y=1890.000 Z=340.000), Max=(X=980.000 Y=2029.000 Z=366.000) RuntimeGrid:None EditorOnly:0 RuntimeOnly:0 HLODRelevant:0 ListedInSceneOutliner:1 IsMainWorldOnly:0
 |   |   |- [+] [ 48]
 |   |   |   |- Guid:F5E3FEB3450C49844FD93DA8E083C8AD BaseClass: NativeClass:/Script/Engine.PostProcessVolume Name:PostProcessVolume_0 Label:PostProcessVolume SpatiallyLoaded:0 Bounds:IsValid=true, Min=(X=0.000 Y=0.000 Z=400.000), Max=(X=200.000 Y=200.000 Z=600.000) RuntimeGrid:None EditorOnly:0 RuntimeOnly:0 HLODRelevant:0 ListedInSceneOutliner:1 IsMainWorldOnly:0 FolderPath:Lighting FolderGuid:963EC3EB4002CCE9759E2EBA541A873A
 |   |   |- [+] [ 49]
 |   |   |   |- Guid:F6CF815C444BEE2A038CFF99046C1181 BaseClass: NativeClass:/Script/Engine.StaticMeshActor Name:StaticMeshActor_UAID_08BFB8E2B94C723402_1142579477 Label:Plane2 SpatiallyLoaded:1 Bounds:IsValid=true, Min=(X=980.000 Y=280.000 Z=220.000), Max=(X=980.000 Y=480.000 Z=420.000) RuntimeGrid:None EditorOnly:0 RuntimeOnly:0 HLODRelevant:1 ListedInSceneOutliner:1 IsMainWorldOnly:0
 |   |   |- [+] [ 50]
 |   |   |   |- Guid:FF698C67459ADB4982D7759C0905EE9F BaseClass: NativeClass:/Script/Engine.StaticMeshActor Name:StaticMeshActor_6 Label:SM_Cube3 SpatiallyLoaded:1 Bounds:IsValid=true, Min=(X=0.000 Y=5350.000 Z=-34.054), Max=(X=3000.000 Y=5400.000 Z=490.946) RuntimeGrid:None EditorOnly:0 RuntimeOnly:0 HLODRelevant:1 ListedInSceneOutliner:1 IsMainWorldOnly:0 FolderPath:Playground FolderGuid:C73F09FC4215536B1DCE2A9E0A830C70
 |- ContainerInstances:
 |- [+] MainContainer:
 |   |-        ID: 00000000000000000000000000000000
 |   |-  ParentID: 00000000000000000000000000000000
 |   |-    Bounds: IsValid=false, Min=(X=0.000 Y=0.000 Z=0.000), Max=(X=0.000 Y=0.000 Z=0.000)
 |   |- Transform: 0.000000,0.000000,0.000000|0.000000,0.000000,-0.000000|1.000000,1.000000,1.000000
 |   |- Container: /Game/ThirdPerson/Maps/ThirdPersonMap
----------------------------------------------------------------------------------------------------------------
ThirdPersonMap - Persistent Level
----------------------------------------------------------------------------------------------------------------
[+] Content of ThirdPersonMap Persistent Level
 |- Always loaded Actor Count: 50 
 |- Actor Path: /Game/ThirdPerson/Maps/ThirdPersonMap.ThirdPersonMap:PersistentLevel.AboutMe_C_UAID_08BFB8E2B94C753402_1632580020
 |- Actor Package: /Game/__ExternalActors__/ThirdPerson/Maps/ThirdPersonMap/9/FR/EZHOSA4IRQYN0K04RT9LSQ
 |- Actor Path: /Game/ThirdPerson/Maps/ThirdPersonMap.ThirdPersonMap:PersistentLevel.Anime_C_UAID_08BFB8E2B94C763402_1580840200
 |- Actor Package: /Game/__ExternalActors__/ThirdPerson/Maps/ThirdPersonMap/1/39/RWFP6WAMIBB4USAVI2NBXH
 |- Actor Path: /Game/ThirdPerson/Maps/ThirdPersonMap.ThirdPersonMap:PersistentLevel.BuddyDaddies2_C_UAID_08BFB8E2B94C773402_1252478382
 |- Actor Package: /Game/__ExternalActors__/ThirdPerson/Maps/ThirdPersonMap/4/E7/15W1H96929R83WJR9TQLEH
 |- Actor Path: /Game/ThirdPerson/Maps/ThirdPersonMap.ThirdPersonMap:PersistentLevel.Character_UAID_08BFB8E2B94C7B3302_1735825000
 |- Actor Package: /Game/__ExternalActors__/ThirdPerson/Maps/ThirdPersonMap/5/LY/KE863K6OKJ7UNYL3XZ0N0Q
 |- Actor Path: /Game/ThirdPerson/Maps/ThirdPersonMap.ThirdPersonMap:PersistentLevel.DirectionalLight_0
 |- Actor Package: /Game/__ExternalActors__/ThirdPerson/Maps/ThirdPersonMap/5/R1/TS5OQ5CRUWFZYL1ZQ7I416
 |- Actor Path: /Game/ThirdPerson/Maps/ThirdPersonMap.ThirdPersonMap:PersistentLevel.ExponentialHeightFog_0
 |- Actor Package: /Game/__ExternalActors__/ThirdPerson/Maps/ThirdPersonMap/6/J7/N10XDC9G27EMLS5AGZ6AVV
 |- Actor Path: /Game/ThirdPerson/Maps/ThirdPersonMap.ThirdPersonMap:PersistentLevel.Juego_C_UAID_08BFB8E2B94C763402_1537342199
 |- Actor Package: /Game/__ExternalActors__/ThirdPerson/Maps/ThirdPersonMap/7/B2/COB35VNHMBW3UNP3D4GEWL
 |- Actor Path: /Game/ThirdPerson/Maps/ThirdPersonMap.ThirdPersonMap:PersistentLevel.M_C_UAID_08BFB8E2B94C763402_1656830201
 |- Actor Package: /Game/__ExternalActors__/ThirdPerson/Maps/ThirdPersonMap/1/VF/OAM25N6K015P51CDID4KUF
 |- Actor Path: /Game/ThirdPerson/Maps/ThirdPersonMap.ThirdPersonMap:PersistentLevel.MBTI2_C_UAID_08BFB8E2B94C763402_2076175204
 |- Actor Package: /Game/__ExternalActors__/ThirdPerson/Maps/ThirdPersonMap/8/6K/OBNQ8RV9G35Y489KGSFMZB
 |- Actor Path: /Game/ThirdPerson/Maps/ThirdPersonMap.ThirdPersonMap:PersistentLevel.MBTI_C_UAID_08BFB8E2B94C763402_1191865197
 |- Actor Package: /Game/__ExternalActors__/ThirdPerson/Maps/ThirdPersonMap/6/X2/VXU1DG1UZBNIUJ780WYXV8
 |- Actor Path: /Game/ThirdPerson/Maps/ThirdPersonMap.ThirdPersonMap:PersistentLevel.Midnight2_C_UAID_08BFB8E2B94C773402_1491403385
 |- Actor Package: /Game/__ExternalActors__/ThirdPerson/Maps/ThirdPersonMap/6/OD/2K93HA6HC63LNE318FW5ER
 |- Actor Path: /Game/ThirdPerson/Maps/ThirdPersonMap.ThirdPersonMap:PersistentLevel.Nombre_C_UAID_08BFB8E2B94C743402_1437141842
 |- Actor Package: /Game/__ExternalActors__/ThirdPerson/Maps/ThirdPersonMap/8/XH/7DHUO024JGSMZRQH230S6H
 |- Actor Path: /Game/ThirdPerson/Maps/ThirdPersonMap.ThirdPersonMap:PersistentLevel.Pelicula_C_UAID_08BFB8E2B94C763402_1779126203
 |- Actor Package: /Game/__ExternalActors__/ThirdPerson/Maps/ThirdPersonMap/0/7A/Y0LK2R9H63P701JKKG5XCD
 |- Actor Path: /Game/ThirdPerson/Maps/ThirdPersonMap.ThirdPersonMap:PersistentLevel.PIXEL_C_UAID_08BFB8E2B94C7C3402_1964199270
 |- Actor Package: /Game/__ExternalActors__/ThirdPerson/Maps/ThirdPersonMap/1/YC/AJFJUS2RXE5AV286M4ERF5
 |- Actor Path: /Game/ThirdPerson/Maps/ThirdPersonMap.ThirdPersonMap:PersistentLevel.PlayerStart_0
 |- Actor Package: /Game/__ExternalActors__/ThirdPerson/Maps/ThirdPersonMap/D/DE/SWSI13675DVYIZ0N4NF7Y3
 |- Actor Path: /Game/ThirdPerson/Maps/ThirdPersonMap.ThirdPersonMap:PersistentLevel.PostProcessVolume_0
 |- Actor Package: /Game/__ExternalActors__/ThirdPerson/Maps/ThirdPersonMap/1/AZ/A7GPT109Y6ZTTJD4A7TXER
 |- Actor Path: /Game/ThirdPerson/Maps/ThirdPersonMap.ThirdPersonMap:PersistentLevel.Serie_C_UAID_08BFB8E2B94C763402_1725732202
 |- Actor Package: /Game/__ExternalActors__/ThirdPerson/Maps/ThirdPersonMap/3/V3/PKFXRQZ5EFNYV89X8QBH9D
 |- Actor Path: /Game/ThirdPerson/Maps/ThirdPersonMap.ThirdPersonMap:PersistentLevel.SkyAtmosphere_0
 |- Actor Package: /Game/__ExternalActors__/ThirdPerson/Maps/ThirdPersonMap/4/LN/30UBDLYFFA5ZR7U4W4L4GG
 |- Actor Path: /Game/ThirdPerson/Maps/ThirdPersonMap.ThirdPersonMap:PersistentLevel.SkyLight_1
 |- Actor Package: /Game/__ExternalActors__/ThirdPerson/Maps/ThirdPersonMap/8/S1/DXUWD12MD3HRWVVXX076BY
 |- Actor Path: /Game/ThirdPerson/Maps/ThirdPersonMap.ThirdPersonMap:PersistentLevel.StaticMeshActor_0
 |- Actor Package: /Game/__ExternalActors__/ThirdPerson/Maps/ThirdPersonMap/A/MS/MRHJREJ6H7USQYWF1KO8F6
 |- Actor Path: /Game/ThirdPerson/Maps/ThirdPersonMap.ThirdPersonMap:PersistentLevel.StaticMeshActor_1
 |- Actor Package: /Game/__ExternalActors__/ThirdPerson/Maps/ThirdPersonMap/6/YO/NG2R9BPZVA7ZDN0Z4VSTG6
 |- Actor Path: /Game/ThirdPerson/Maps/ThirdPersonMap.ThirdPersonMap:PersistentLevel.StaticMeshActor_4
 |- Actor Package: /Game/__ExternalActors__/ThirdPerson/Maps/ThirdPersonMap/5/9Q/U98KGKQ41NJYFOGFQM8ZDY
 |- Actor Path: /Game/ThirdPerson/Maps/ThirdPersonMap.ThirdPersonMap:PersistentLevel.StaticMeshActor_5
 |- Actor Package: /Game/__ExternalActors__/ThirdPerson/Maps/ThirdPersonMap/C/QF/BY1DA5CRGQSAMOTK8RA8KR
 |- Actor Path: /Game/ThirdPerson/Maps/ThirdPersonMap.ThirdPersonMap:PersistentLevel.StaticMeshActor_6
 |- Actor Package: /Game/__ExternalActors__/ThirdPerson/Maps/ThirdPersonMap/D/0G/JNKFA4X9LRMSF343ESPF6Q
 |- Actor Path: /Game/ThirdPerson/Maps/ThirdPersonMap.ThirdPersonMap:PersistentLevel.StaticMeshActor_8
 |- Actor Package: /Game/__ExternalActors__/ThirdPerson/Maps/ThirdPersonMap/A/16/Q7Y1URWWFS0TXGWUTO3S61
 |- Actor Path: /Game/ThirdPerson/Maps/ThirdPersonMap.ThirdPersonMap:PersistentLevel.StaticMeshActor_UAID_08BFB8E2B94C213402_1759107215
 |- Actor Package: /Game/__ExternalActors__/ThirdPerson/Maps/ThirdPersonMap/3/RB/XLVKGYAAQF91IHH3472PZ2
 |- Actor Path: /Game/ThirdPerson/Maps/ThirdPersonMap.ThirdPersonMap:PersistentLevel.StaticMeshActor_UAID_08BFB8E2B94C213402_2015646216
 |- Actor Package: /Game/__ExternalActors__/ThirdPerson/Maps/ThirdPersonMap/A/UO/3JZ0TQDMJ9OIO5EDZGX3LE
 |- Actor Path: /Game/ThirdPerson/Maps/ThirdPersonMap.ThirdPersonMap:PersistentLevel.StaticMeshActor_UAID_08BFB8E2B94C223402_1307724394
 |- Actor Package: /Game/__ExternalActors__/ThirdPerson/Maps/ThirdPersonMap/1/WA/B72WTE4U7VFHPGPOOT5NPC
 |- Actor Path: /Game/ThirdPerson/Maps/ThirdPersonMap.ThirdPersonMap:PersistentLevel.StaticMeshActor_UAID_08BFB8E2B94C6D3402_1363466591
 |- Actor Package: /Game/__ExternalActors__/ThirdPerson/Maps/ThirdPersonMap/3/DB/NRRMJ2TSOHBVOTOONLP1IX
 |- Actor Path: /Game/ThirdPerson/Maps/ThirdPersonMap.ThirdPersonMap:PersistentLevel.StaticMeshActor_UAID_08BFB8E2B94C6F3402_1577139944
 |- Actor Package: /Game/__ExternalActors__/ThirdPerson/Maps/ThirdPersonMap/1/C1/WXF0AGLATYN7KC20Z4RITP
 |- Actor Path: /Game/ThirdPerson/Maps/ThirdPersonMap.ThirdPersonMap:PersistentLevel.StaticMeshActor_UAID_08BFB8E2B94C703402_1826239123
 |- Actor Package: /Game/__ExternalActors__/ThirdPerson/Maps/ThirdPersonMap/0/6O/NO6ORIJZBBML6JQ8CXROE7
 |- Actor Path: /Game/ThirdPerson/Maps/ThirdPersonMap.ThirdPersonMap:PersistentLevel.StaticMeshActor_UAID_08BFB8E2B94C703402_1878265124
 |- Actor Package: /Game/__ExternalActors__/ThirdPerson/Maps/ThirdPersonMap/C/SJ/REMI9LDQTQ1YBIKAL177JG
 |- Actor Path: /Game/ThirdPerson/Maps/ThirdPersonMap.ThirdPersonMap:PersistentLevel.StaticMeshActor_UAID_08BFB8E2B94C723402_1142579477
 |- Actor Package: /Game/__ExternalActors__/ThirdPerson/Maps/ThirdPersonMap/4/C7/K7RJJR5YDLOEPKFULVEODH
 |- Actor Path: /Game/ThirdPerson/Maps/ThirdPersonMap.ThirdPersonMap:PersistentLevel.StaticMeshActor_UAID_08BFB8E2B94C723402_1434938478
 |- Actor Package: /Game/__ExternalActors__/ThirdPerson/Maps/ThirdPersonMap/5/ID/GQGSJ93ZJIH4PHLZO3EAMS
 |- Actor Path: /Game/ThirdPerson/Maps/ThirdPersonMap.ThirdPersonMap:PersistentLevel.StaticMeshActor_UAID_08BFB8E2B94C723402_1562791479
 |- Actor Package: /Game/__ExternalActors__/ThirdPerson/Maps/ThirdPersonMap/7/OU/XBT37TKW9AG2FAX7R8TKD9
 |- Actor Path: /Game/ThirdPerson/Maps/ThirdPersonMap.ThirdPersonMap:PersistentLevel.StaticMeshActor_UAID_08BFB8E2B94C723402_1631360480
 |- Actor Package: /Game/__ExternalActors__/ThirdPerson/Maps/ThirdPersonMap/5/L6/O5VWRZL5VYMT5MKLH35OC8
 |- Actor Path: /Game/ThirdPerson/Maps/ThirdPersonMap.ThirdPersonMap:PersistentLevel.StaticMeshActor_UAID_08BFB8E2B94C723402_1640203481
 |- Actor Package: /Game/__ExternalActors__/ThirdPerson/Maps/ThirdPersonMap/7/QM/T1SRNDBDZA41KQJBGSTIQT
 |- Actor Path: /Game/ThirdPerson/Maps/ThirdPersonMap.ThirdPersonMap:PersistentLevel.StaticMeshActor_UAID_08BFB8E2B94C723402_1741183482
 |- Actor Package: /Game/__ExternalActors__/ThirdPerson/Maps/ThirdPersonMap/8/U7/M4LCBQDE0OYIAOB2AKTM9K
 |- Actor Path: /Game/ThirdPerson/Maps/ThirdPersonMap.ThirdPersonMap:PersistentLevel.StaticMeshActor_UAID_08BFB8E2B94C723402_1752530483
 |- Actor Package: /Game/__ExternalActors__/ThirdPerson/Maps/ThirdPersonMap/C/0I/QDLGHPS6MA8NP1ICBWCUJX
 |- Actor Path: /Game/ThirdPerson/Maps/ThirdPersonMap.ThirdPersonMap:PersistentLevel.StaticMeshActor_UAID_08BFB8E2B94C733402_1142890660
 |- Actor Package: /Game/__ExternalActors__/ThirdPerson/Maps/ThirdPersonMap/3/74/6RY05FG3TW53RXCAFKYL0N
 |- Actor Path: /Game/ThirdPerson/Maps/ThirdPersonMap.ThirdPersonMap:PersistentLevel.StaticMeshActor_UAID_08BFB8E2B94C733402_1155360661
 |- Actor Package: /Game/__ExternalActors__/ThirdPerson/Maps/ThirdPersonMap/1/XB/PY2D30I32ZPC8EZYUFVDJX
 |- Actor Path: /Game/ThirdPerson/Maps/ThirdPersonMap.ThirdPersonMap:PersistentLevel.StaticMeshActor_UAID_08BFB8E2B94C733402_1592646662
 |- Actor Package: /Game/__ExternalActors__/ThirdPerson/Maps/ThirdPersonMap/0/N8/CPJX32JB2C28A7V96I9296
 |- Actor Path: /Game/ThirdPerson/Maps/ThirdPersonMap.ThirdPersonMap:PersistentLevel.StaticMeshActor_UAID_08BFB8E2B94C733402_1599873663
 |- Actor Package: /Game/__ExternalActors__/ThirdPerson/Maps/ThirdPersonMap/E/AH/7Z3DP6R6IB7I042V0TEN2B
 |- Actor Path: /Game/ThirdPerson/Maps/ThirdPersonMap.ThirdPersonMap:PersistentLevel.StaticMeshActor_UAID_A4AE111137DC5EFB00_1110535423
 |- Actor Package: /Game/__ExternalActors__/ThirdPerson/Maps/ThirdPersonMap/4/PN/2QISIGK5DJNQ05US8O8FXW
 |- Actor Path: /Game/ThirdPerson/Maps/ThirdPersonMap.ThirdPersonMap:PersistentLevel.TextRenderActor_1
 |- Actor Package: /Game/__ExternalActors__/ThirdPerson/Maps/ThirdPersonMap/1/WU/NB37RT5Q32Z8MJWD8BD2SO
 |- Actor Path: /Game/ThirdPerson/Maps/ThirdPersonMap.ThirdPersonMap:PersistentLevel.TLOU2_C_UAID_08BFB8E2B94C773402_1095370381
 |- Actor Package: /Game/__ExternalActors__/ThirdPerson/Maps/ThirdPersonMap/6/ED/52F6O2AG9Z92GWZUSH38FG
 |- Actor Path: /Game/ThirdPerson/Maps/ThirdPersonMap.ThirdPersonMap:PersistentLevel.Tonikawa_C_UAID_08BFB8E2B94C773402_1302724383
 |- Actor Package: /Game/__ExternalActors__/ThirdPerson/Maps/ThirdPersonMap/3/UW/VDTK700V4ZRG6IE2XUSSRF
 |- Actor Path: /Game/ThirdPerson/Maps/ThirdPersonMap.ThirdPersonMap:PersistentLevel.VolumetricCloud_0
 |- Actor Package: /Game/__ExternalActors__/ThirdPerson/Maps/ThirdPersonMap/3/EY/87SHEJN5UBEAN2K5OV1G6R
 |- Actor Path: /Game/ThirdPerson/Maps/ThirdPersonMap.ThirdPersonMap:PersistentLevel.WeakHero2_C_UAID_08BFB8E2B94C773402_1371543384
 |- Actor Package: /Game/__ExternalActors__/ThirdPerson/Maps/ThirdPersonMap/9/GS/4LBO84WYSJPXDQF54QF80B
 |- Actor Path: /Game/ThirdPerson/Maps/ThirdPersonMap.ThirdPersonMap:PersistentLevel.WorldDataLayers
 |- Actor Package: /Game/__ExternalActors__/ThirdPerson/Maps/ThirdPersonMap/0/43/HYQWORMY4JDQ5X3OKZXFLC

----------------------------------------------------------------------------------------------------------------
ThirdPersonMap - Runtime Hash Set
----------------------------------------------------------------------------------------------------------------

